Microsoft HTML Help Compiler 4.74.8702

Compiling c:\Documents and Settings\pozsarzs\Git\modshell\help\en\modshell_en.chm

Builtin-commands.htm
Command-examples.htm
Command-line-parameters.htm
Differents-between-CUI-and-GUI-version.htm
Environmental-variables.htm
Exit-status.htm
Files.htm
Home.htm
Hotkeys.htm
Installation-from-source-code.htm
Operation.htm
Packaging.htm
Predefined-constants.htm
Predefined-macros.htm
Predefined-variables.htm
Utilities.htm

Compile time: 0 minutes, 18 seconds
266	Topics
319	Local links
0	Internet links
0	Graphics


Created c:\Documents and Settings\pozsarzs\Git\modshell\help\en\modshell_en.chm, 39,123 bytes
Compression decreased file by 112,024 bytes.
