abs
add
and
applog
arrclear
arrfill
ascii
avg
beep
bit
carr
cd
chkdevlock
chr
cls
concat
const
conv
copy
copyreg
cos
cotan
cron
datatype
date
dcon
dec
del
dir
div
do
dump
echometh
edit
erasescr
exist
exit
exp
exphis
expreg
for
get
getarrsize
goto
gpioinit
gpioread
gpiowrite
hart
help
idiv
if
imod
impreg
inc
input
inputmeth
inrange
ioread
iowrite
label
length
let
list
ln
loadcfg
loadreg
loadscr
lowcase
macro
mbconv
mbgw
mbmon
mbsrv
md
mkcrc
mklrc
mul
mulinv
not
odd
or
ord
pause
pipe
pow
pow2
print
printcolor
prop
rd
readreg
ren
reset
rmdevlock
rnd
roll
rolr
round
run
runmeth
savecfg
savereg
savescr
sendmeth
sercons
serread
serwrite
set
setarrsize
shl
shr
sin
sqr
sqrt
stack
strdel
strfind
strins
stritem
strrepl
sub
swp
tan
tcpcons
tcpread
tcpwrite
then
to
type
udpcons
udpread
udpwrite
upcase
var
varmon
varr
ver
writereg
xor
